\BOOKMARK [1][-]{section.1}{Wstep}{}% 1
\BOOKMARK [2][-]{subsection.1.1}{Cel projektu}{section.1}% 2
\BOOKMARK [2][-]{subsection.1.2}{Proponowane rozwiazanie}{section.1}% 3
\BOOKMARK [2][-]{subsection.1.3}{Alternatywne rozwiazania}{section.1}% 4
\BOOKMARK [1][-]{section.2}{Analiza zlozonosci i estymacja zapotrzebowania na zasoby}{}% 5
\BOOKMARK [2][-]{subsection.2.1}{Przygotowanie danych}{section.2}% 6
\BOOKMARK [2][-]{subsection.2.2}{Uczenie sieci neuronowej}{section.2}% 7
\BOOKMARK [1][-]{section.3}{Koncepcja proponowanego rozwiazania}{}% 8
\BOOKMARK [1][-]{section.4}{Symulacja i testowanie}{}% 9
\BOOKMARK [2][-]{subsection.4.1}{Modelowanie i symulacja}{section.4}% 10
\BOOKMARK [2][-]{subsection.4.2}{Testowanie a weryfikacja}{section.4}% 11
\BOOKMARK [1][-]{section.5}{Rezultaty i wnioski}{}% 12
\BOOKMARK [2][-]{subsection.5.1}{GUI Matlaba - funkcja nprtool}{section.5}% 13
\BOOKMARK [2][-]{subsection.5.2}{Skrypt do uczenia glebokiej sieci neuronowej}{section.5}% 14
\BOOKMARK [2][-]{subsection.5.3}{Por\363wnanie metod}{section.5}% 15
\BOOKMARK [1][-]{section.6}{Podsumowanie}{}% 16
\BOOKMARK [1][-]{appendix.A}{DODATEK A: Szczeg\363lowy opis zadania}{}% 17
\BOOKMARK [2][-]{subsection.A.1}{Specyfikacja projektu}{appendix.A}% 18
\BOOKMARK [2][-]{subsection.A.2}{Szczeg\363lowy opis realizowanych algorytm\363w przetwarzania danych}{appendix.A}% 19
\BOOKMARK [1][-]{appendix.B}{DODATEK B: Dokumentacja techniczna}{}% 20
\BOOKMARK [2][-]{subsection.B.1}{Dokumentacja oprogramowania}{appendix.B}% 21
\BOOKMARK [2][-]{subsection.B.2}{Procedura symulacji, testowania i weryfikacji}{appendix.B}% 22
\BOOKMARK [1][-]{appendix.C}{DODATEK C: Spis zawartosci dolaczonego nosnika \(plyta CD ROM\)}{}% 23
\BOOKMARK [1][-]{appendix.D}{DODATEK D: Historia zmian}{}% 24
